<?xml version="1.0" encoding="UTF-8" standalone="no"?>
<!DOCTYPE log SYSTEM "logger.dtd">
<log>
<record>
  <date>2021-03-22T10:12:58.674-0300</date>
  <logger>PAULO HERNANE FONTES E SILVA</logger>
  <level>FINE</level>
  <message>File 119210311-PAULO HERNANE FONTES E SILVA.zip was received. It was sent by PAULO HERNANE FONTES E SILVA from IP 192.168.0.112 at 22-03-2021 10*12*58</message>
</record>
</log>
<?xml version="1.0" encoding="UTF-8" standalone="no"?>
<!DOCTYPE log SYSTEM "logger.dtd">
<log>
<record>
  <date>2021-03-23T17:00:10.084-0300</date>
  <logger>PAULO HERNANE FONTES E SILVA</logger>
  <level>FINE</level>
  <message>File 119210311-PAULO HERNANE FONTES E SILVA.zip was received. It was sent by PAULO HERNANE FONTES E SILVA from IP 192.168.0.112 at 23-03-2021 17*00*10</message>
</record>
</log>
<?xml version="1.0" encoding="UTF-8" standalone="no"?>
<!DOCTYPE log SYSTEM "logger.dtd">
<log>
<record>
  <date>2021-03-25T10:12:47.962-0300</date>
  <logger>PAULO HERNANE FONTES E SILVA</logger>
  <level>FINE</level>
  <message>File 119210311-PAULO HERNANE FONTES E SILVA.zip was received. It was sent by PAULO HERNANE FONTES E SILVA from IP 192.168.0.112 at 25-03-2021 10*12*47</message>
</record>
</log>
<?xml version="1.0" encoding="UTF-8" standalone="no"?>
<!DOCTYPE log SYSTEM "logger.dtd">
<log>
<record>
  <date>2021-03-27T16:46:38.416-0300</date>
  <logger>PAULO HERNANE FONTES E SILVA</logger>
  <level>FINE</level>
  <message>File 119210311-PAULO HERNANE FONTES E SILVA.zip was received. It was sent by PAULO HERNANE FONTES E SILVA from IP 192.168.0.112 at 27-03-2021 16*46*38</message>
</record>
