<?xml version="1.0" encoding="UTF-8" standalone="no"?>
<!DOCTYPE log SYSTEM "logger.dtd">
<log>
<record>
  <date>2021-03-15T10:54:16.076-0300</date>
  <logger>PAULO HERNANE FONTES E SILVA</logger>
  <level>FINE</level>
  <message>File 119210311-PAULO HERNANE FONTES E SILVA.zip was received. It was sent by PAULO HERNANE FONTES E SILVA from IP 192.168.0.112 at 15-03-2021 10*54*14</message>
</record>
</log>
<?xml version="1.0" encoding="UTF-8" standalone="no"?>
<!DOCTYPE log SYSTEM "logger.dtd">
<log>
<record>
  <date>2021-03-15T13:54:08.727-0300</date>
  <logger>PAULO HERNANE FONTES E SILVA</logger>
  <level>FINE</level>
  <message>File 119210311-PAULO HERNANE FONTES E SILVA.zip was received. It was sent by PAULO HERNANE FONTES E SILVA from IP 192.168.0.112 at 15-03-2021 13*54*08</message>
</record>
</log>
<?xml version="1.0" encoding="UTF-8" standalone="no"?>
<!DOCTYPE log SYSTEM "logger.dtd">
<log>
<record>
  <date>2021-03-15T14:27:12.981-0300</date>
  <logger>PAULO HERNANE FONTES E SILVA</logger>
  <level>FINE</level>
  <message>File 119210311-PAULO HERNANE FONTES E SILVA.zip was received. It was sent by PAULO HERNANE FONTES E SILVA from IP 192.168.0.112 at 15-03-2021 14*27*12</message>
</record>
